2023-10-16T09:45:34.836+05:30  INFO 19888 --- [restartedMain] c.u.sanjay.SpringbackApplication         : Starting SpringbackApplication using Java 17.0.6 with PID 19888 (C:\Users\sanja\Downloads\suriya\target\classes started by sanja in C:\Users\sanja\Downloads\suriya)
2023-10-16T09:45:34.849+05:30  INFO 19888 --- [restartedMain] c.u.sanjay.SpringbackApplication         : No active profile set, falling back to 1 default profile: "default"
2023-10-16T09:45:34.938+05:30  INFO 19888 --- [restartedMain] .e.DevToolsPropertyDefaultsPostProcessor : Devtools property defaults active! Set 'spring.devtools.add-properties' to 'false' to disable
2023-10-16T09:45:34.939+05:30  INFO 19888 --- [restartedMain] .e.DevToolsPropertyDefaultsPostProcessor : For additional web related logging consider setting the 'logging.level.web' property to 'DEBUG'
2023-10-16T09:45:36.665+05:30  INFO 19888 --- [restartedMain] .s.d.r.c.RepositoryConfigurationDelegate : Bootstrapping Spring Data JPA repositories in DEFAULT mode.
2023-10-16T09:45:36.773+05:30  INFO 19888 --- [restartedMain] .s.d.r.c.RepositoryConfigurationDelegate : Finished Spring Data repository scanning in 93 ms. Found 3 JPA repository interfaces.
2023-10-16T09:45:37.943+05:30  INFO 19888 --- [restartedMain] o.s.b.w.embedded.tomcat.TomcatWebServer  : Tomcat initialized with port(s): 8181 (http)
2023-10-16T09:45:37.946+05:30  INFO 19888 --- [restartedMain] o.a.catalina.core.AprLifecycleListener   : An older version [2.0.2] of the Apache Tomcat Native library is installed, while Tomcat recommends a minimum version of [2.0.5]
2023-10-16T09:45:37.947+05:30  INFO 19888 --- [restartedMain] o.a.catalina.core.AprLifecycleListener   : Loaded Apache Tomcat Native library [2.0.2] using APR version [1.7.0].
2023-10-16T09:45:37.972+05:30  INFO 19888 --- [restartedMain] o.a.catalina.core.AprLifecycleListener   : OpenSSL successfully initialized [OpenSSL 3.0.7 1 Nov 2022]
2023-10-16T09:45:37.989+05:30  INFO 19888 --- [restartedMain] o.apache.catalina.core.StandardService   : Starting service [Tomcat]
2023-10-16T09:45:37.990+05:30  INFO 19888 --- [restartedMain] o.apache.catalina.core.StandardEngine    : Starting Servlet engine: [Apache Tomcat/10.1.13]
2023-10-16T09:45:38.135+05:30  INFO 19888 --- [restartedMain] o.a.c.c.C.[Tomcat].[localhost].[/]       : Initializing Spring embedded WebApplicationContext
2023-10-16T09:45:38.136+05:30  INFO 19888 --- [restartedMain] w.s.c.ServletWebServerApplicationContext : Root WebApplicationContext: initialization completed in 3197 ms
2023-10-16T09:45:38.570+05:30  INFO 19888 --- [restartedMain] o.hibernate.jpa.internal.util.LogHelper  : HHH000204: Processing PersistenceUnitInfo [name: default]
2023-10-16T09:45:38.691+05:30  INFO 19888 --- [restartedMain] org.hibernate.Version                    : HHH000412: Hibernate ORM core version 6.2.9.Final
2023-10-16T09:45:38.699+05:30  INFO 19888 --- [restartedMain] org.hibernate.cfg.Environment            : HHH000406: Using bytecode reflection optimizer
2023-10-16T09:45:39.035+05:30  INFO 19888 --- [restartedMain] o.h.b.i.BytecodeProviderInitiator        : HHH000021: Bytecode provider name : bytebuddy
2023-10-16T09:45:39.326+05:30  INFO 19888 --- [restartedMain] o.s.o.j.p.SpringPersistenceUnitInfo      : No LoadTimeWeaver setup: ignoring JPA class transformer
2023-10-16T09:45:39.360+05:30  INFO 19888 --- [restartedMain] com.zaxxer.hikari.HikariDataSource       : HikariPool-1 - Starting...
2023-10-16T09:45:40.079+05:30  INFO 19888 --- [restartedMain] com.zaxxer.hikari.pool.HikariPool        : HikariPool-1 - Added connection com.mysql.cj.jdbc.ConnectionImpl@5f0573f5
2023-10-16T09:45:40.084+05:30  INFO 19888 --- [restartedMain] com.zaxxer.hikari.HikariDataSource       : HikariPool-1 - Start completed.
2023-10-16T09:45:40.226+05:30  WARN 19888 --- [restartedMain] org.hibernate.orm.deprecation            : HHH90000026: MySQL8Dialect has been deprecated; use org.hibernate.dialect.MySQLDialect instead
2023-10-16T09:45:40.625+05:30  INFO 19888 --- [restartedMain] o.h.b.i.BytecodeProviderInitiator        : HHH000021: Bytecode provider name : bytebuddy
2023-10-16T09:45:41.842+05:30  INFO 19888 --- [restartedMain] o.h.e.t.j.p.i.JtaPlatformInitiator       : HHH000490: Using JtaPlatform implementation: [org.hibernate.engine.transaction.jta.platform.internal.NoJtaPlatform]
2023-10-16T09:45:42.079+05:30  INFO 19888 --- [restartedMain] j.LocalContainerEntityManagerFactoryBean : Initialized JPA EntityManagerFactory for persistence unit 'default'
2023-10-16T09:45:42.551+05:30  WARN 19888 --- [restartedMain] ocalVariableTableParameterNameDiscoverer : Using deprecated '-debug' fallback for parameter name resolution. Compile the affected code with '-parameters' instead or avoid its introspection: com.uppermoons.sanjay.Repository.UserRepositorys
2023-10-16T09:45:42.950+05:30  WARN 19888 --- [restartedMain] ocalVariableTableParameterNameDiscoverer : Using deprecated '-debug' fallback for parameter name resolution. Compile the affected code with '-parameters' instead or avoid its introspection: com.uppermoons.sanjay.Repository.CampaignRepository
2023-10-16T09:45:43.233+05:30  WARN 19888 --- [restartedMain] JpaBaseConfiguration$JpaWebConfiguration : spring.jpa.open-in-view is enabled by default. Therefore, database queries may be performed during view rendering. Explicitly configure spring.jpa.open-in-view to disable this warning
2023-10-16T09:45:44.024+05:30  INFO 19888 --- [restartedMain] o.s.b.a.e.web.EndpointLinksResolver      : Exposing 1 endpoint(s) beneath base path '/actuator'
2023-10-16T09:45:44.131+05:30 DEBUG 19888 --- [restartedMain] edFilterInvocationSecurityMetadataSource : Adding web access control expression [permitAll] for Mvc [pattern='/api/v1/authenticate/**']
2023-10-16T09:45:44.132+05:30 DEBUG 19888 --- [restartedMain] edFilterInvocationSecurityMetadataSource : Adding web access control expression [authenticated] for any request
2023-10-16T09:45:44.149+05:30  INFO 19888 --- [restartedMain] o.s.s.web.DefaultSecurityFilterChain     : Will secure any request with [org.springframework.security.web.session.DisableEncodeUrlFilter@5bf91aa1, org.springframework.security.web.context.request.async.WebAsyncManagerIntegrationFilter@246fce38, org.springframework.security.web.context.SecurityContextHolderFilter@4fcd03ce, org.springframework.security.web.header.HeaderWriterFilter@39ffb3ec, org.springframework.security.web.authentication.logout.LogoutFilter@4a1ca0f6, com.uppermoons.sanjay.config.JwtAuthenticationFilter@65af938e, org.springframework.security.web.savedrequest.RequestCacheAwareFilter@651dd2e2, org.springframework.security.web.servletapi.SecurityContextHolderAwareRequestFilter@44fc550, org.springframework.security.web.authentication.AnonymousAuthenticationFilter@55e57e94, org.springframework.security.web.session.SessionManagementFilter@50f3131a, org.springframework.security.web.access.ExceptionTranslationFilter@27868acf, org.springframework.security.web.access.intercept.FilterSecurityInterceptor@597a9d3a]
2023-10-16T09:45:44.960+05:30  INFO 19888 --- [restartedMain] o.s.b.d.a.OptionalLiveReloadServer       : LiveReload server is running on port 35729
2023-10-16T09:45:45.452+05:30  INFO 19888 --- [restartedMain] o.s.b.w.embedded.tomcat.TomcatWebServer  : Tomcat started on port(s): 8181 (http) with context path ''
2023-10-16T09:45:45.484+05:30  INFO 19888 --- [restartedMain] c.u.sanjay.SpringbackApplication         : Started SpringbackApplication in 11.352 seconds (process running for 12.808)
2023-10-16T09:45:47.398+05:30  INFO 19888 --- [RMI TCP Connection(9)-127.0.0.1] o.a.c.c.C.[Tomcat].[localhost].[/]       : Initializing Spring DispatcherServlet 'dispatcherServlet'
2023-10-16T09:45:47.399+05:30  INFO 19888 --- [RMI TCP Connection(9)-127.0.0.1] o.s.web.servlet.DispatcherServlet        : Initializing Servlet 'dispatcherServlet'
2023-10-16T09:45:47.403+05:30  INFO 19888 --- [RMI TCP Connection(9)-127.0.0.1] o.s.web.servlet.DispatcherServlet        : Completed initialization in 3 ms
